2020-04-09 02:49:55 INFO  loginClass:45 - user registered
2020-04-09 02:49:57 INFO  loginClass:45 - user is in home page
2020-04-09 02:50:01 INFO  loginClass:45 - user enters username and password
2020-04-09 02:50:04 INFO  loginClass:45 - user clicks login
2020-04-09 02:50:04 INFO  loginClass:45 - user takes screenshots
2020-04-09 02:50:07 INFO  loginClass:45 - user is in home page
2020-04-09 02:50:09 INFO  loginClass:45 - user enters username and password
2020-04-09 02:50:13 INFO  loginClass:45 - user clicks login
2020-04-09 02:50:13 INFO  loginClass:45 - user takes screenshots
2020-04-09 02:50:16 INFO  loginClass:45 - user is in home page
2020-04-09 02:50:18 INFO  loginClass:45 - user enters username and password
2020-04-09 02:50:22 INFO  loginClass:45 - user clicks login
2020-04-09 02:50:22 INFO  loginClass:45 - user takes screenshots
2020-04-09 02:50:24 INFO  loginClass:45 - user is in home page
2020-04-09 02:50:26 INFO  loginClass:45 - user enters username and password
2020-04-09 02:50:30 INFO  loginClass:45 - user clicks login
2020-04-09 02:50:30 INFO  loginClass:45 - user takes screenshots
2020-04-09 02:50:33 INFO  loginClass:45 - user is in home page
2020-04-09 02:50:35 INFO  loginClass:45 - user enters username and password
2020-04-09 02:50:40 INFO  loginClass:45 - user clicks login
2020-04-09 02:50:40 INFO  loginClass:45 - user takes screenshots
2020-04-09 02:56:25 INFO  loginClass:45 - user registered
2020-04-09 02:56:27 INFO  loginClass:45 - user is in home page
2020-04-09 02:56:30 INFO  loginClass:45 - user enters username and password
2020-04-09 02:56:31 INFO  loginClass:45 - user clicks login
2020-04-09 02:56:31 INFO  loginClass:45 - user takes screenshots
2020-04-09 02:56:34 INFO  loginClass:45 - user is in home page
2020-04-09 02:56:36 INFO  loginClass:45 - user enters username and password
2020-04-09 02:56:37 INFO  loginClass:45 - user clicks login
2020-04-09 02:56:37 INFO  loginClass:45 - user takes screenshots
2020-04-09 02:56:40 INFO  loginClass:45 - user is in home page
2020-04-09 02:56:41 INFO  loginClass:45 - user enters username and password
2020-04-09 02:56:43 INFO  loginClass:45 - user clicks login
2020-04-09 02:56:43 INFO  loginClass:45 - user takes screenshots
2020-04-09 02:56:45 INFO  loginClass:45 - user is in home page
2020-04-09 02:56:47 INFO  loginClass:45 - user enters username and password
2020-04-09 02:56:48 INFO  loginClass:45 - user clicks login
2020-04-09 02:56:48 INFO  loginClass:45 - user takes screenshots
2020-04-09 02:56:50 INFO  loginClass:45 - user is in home page
2020-04-09 02:56:52 INFO  loginClass:45 - user enters username and password
2020-04-09 02:56:56 INFO  loginClass:45 - user clicks login
2020-04-09 02:56:56 INFO  loginClass:45 - user takes screenshots
2020-04-09 03:01:45 INFO  loginClass:45 - user registered
2020-04-09 03:01:48 INFO  loginClass:45 - user is in home page
2020-04-09 03:02:22 INFO  loginClass:45 - user is in home page
2020-04-09 03:04:52 INFO  loginClass:45 - user registered
2020-04-09 03:04:55 INFO  loginClass:45 - user is in home page
2020-04-09 03:04:57 INFO  loginClass:45 - user enters username and password
2020-04-09 03:04:59 INFO  loginClass:45 - user clicks login
2020-04-09 03:04:59 INFO  loginClass:45 - user takes screenshots
2020-04-09 03:05:01 INFO  loginClass:45 - user is in home page
2020-04-09 03:05:03 INFO  loginClass:45 - user enters username and password
2020-04-09 03:05:04 INFO  loginClass:45 - user clicks login
2020-04-09 03:05:04 INFO  loginClass:45 - user takes screenshots
2020-04-09 03:05:07 INFO  loginClass:45 - user is in home page
2020-04-09 03:05:08 INFO  loginClass:45 - user enters username and password
2020-04-09 03:05:10 INFO  loginClass:45 - user clicks login
2020-04-09 03:05:10 INFO  loginClass:45 - user takes screenshots
2020-04-09 03:05:13 INFO  loginClass:45 - user is in home page
2020-04-09 03:05:14 INFO  loginClass:45 - user enters username and password
2020-04-09 03:05:15 INFO  loginClass:45 - user clicks login
2020-04-09 03:05:15 INFO  loginClass:45 - user takes screenshots
2020-04-09 03:05:18 INFO  loginClass:45 - user is in home page
2020-04-09 03:05:19 INFO  loginClass:45 - user enters username and password
2020-04-09 03:05:23 INFO  loginClass:45 - user clicks login
2020-04-09 03:05:23 INFO  loginClass:45 - user takes screenshots
2020-04-09 03:08:40 INFO  loginClass:45 - user registered
2020-04-09 03:08:43 INFO  loginClass:45 - user is in home page
2020-04-09 03:09:17 INFO  loginClass:45 - user is in home page
2020-04-09 03:09:37 INFO  loginClass:45 - user enters username and password
2020-04-09 03:09:39 INFO  loginClass:45 - user clicks login
2020-04-09 03:09:39 INFO  loginClass:45 - user takes screenshots
2020-04-09 03:09:42 INFO  loginClass:45 - user is in home page
2020-04-09 03:09:43 INFO  loginClass:45 - user enters username and password
2020-04-09 03:09:45 INFO  loginClass:45 - user clicks login
2020-04-09 03:09:45 INFO  loginClass:45 - user takes screenshots
2020-04-09 03:09:47 INFO  loginClass:45 - user is in home page
2020-04-09 03:09:49 INFO  loginClass:45 - user enters username and password
2020-04-09 03:09:50 INFO  loginClass:45 - user clicks login
2020-04-09 03:09:50 INFO  loginClass:45 - user takes screenshots
2020-04-09 03:09:53 INFO  loginClass:45 - user is in home page
2020-04-09 03:09:54 INFO  loginClass:45 - user enters username and password
2020-04-09 03:09:58 INFO  loginClass:45 - user clicks login
2020-04-09 03:09:58 INFO  loginClass:45 - user takes screenshots
2020-04-09 03:15:11 INFO  loginClass:45 - user registered
2020-04-09 03:15:14 INFO  loginClass:45 - user is in home page
2020-04-09 03:15:16 INFO  loginClass:45 - user enters username and password
2020-04-09 03:15:18 INFO  loginClass:45 - user clicks login
2020-04-09 03:15:18 INFO  loginClass:45 - user takes screenshots
2020-04-09 03:15:20 INFO  loginClass:45 - user is in home page
2020-04-09 03:15:22 INFO  loginClass:45 - user enters username and password
2020-04-09 03:15:23 INFO  loginClass:45 - user clicks login
2020-04-09 03:15:23 INFO  loginClass:45 - user takes screenshots
2020-04-09 03:15:26 INFO  loginClass:45 - user is in home page
2020-04-09 03:15:27 INFO  loginClass:45 - user enters username and password
2020-04-09 03:15:29 INFO  loginClass:45 - user clicks login
2020-04-09 03:15:29 INFO  loginClass:45 - user takes screenshots
2020-04-09 03:15:31 INFO  loginClass:45 - user is in home page
2020-04-09 03:15:33 INFO  loginClass:45 - user enters username and password
2020-04-09 03:15:34 INFO  loginClass:45 - user clicks login
2020-04-09 03:15:34 INFO  loginClass:45 - user takes screenshots
2020-04-09 03:15:37 INFO  loginClass:45 - user is in home page
2020-04-09 03:15:39 INFO  loginClass:45 - user enters username and password
2020-04-09 03:15:42 INFO  loginClass:45 - user clicks login
2020-04-09 03:15:42 INFO  loginClass:45 - user takes screenshots
2020-04-09 03:18:46 INFO  loginClass:45 - user is in home page
2020-04-09 03:18:48 INFO  loginClass:45 - user enters username and password
2020-04-09 03:18:50 INFO  loginClass:45 - user clicks login
2020-04-09 03:18:50 INFO  loginClass:45 - user takes screenshots
2020-04-09 03:18:53 INFO  loginClass:45 - user is in home page
2020-04-09 03:18:54 INFO  loginClass:45 - user enters username and password
2020-04-09 03:18:56 INFO  loginClass:45 - user clicks login
2020-04-09 03:18:56 INFO  loginClass:45 - user takes screenshots
2020-04-09 03:18:58 INFO  loginClass:45 - user is in home page
2020-04-09 03:19:00 INFO  loginClass:45 - user enters username and password
2020-04-09 03:19:01 INFO  loginClass:45 - user clicks login
2020-04-09 03:19:01 INFO  loginClass:45 - user takes screenshots
2020-04-09 03:19:04 INFO  loginClass:45 - user is in home page
2020-04-09 03:19:05 INFO  loginClass:45 - user enters username and password
2020-04-09 03:19:07 INFO  loginClass:45 - user clicks login
2020-04-09 03:19:07 INFO  loginClass:45 - user takes screenshots
2020-04-09 03:19:09 INFO  loginClass:45 - user is in home page
2020-04-09 03:19:11 INFO  loginClass:45 - user enters username and password
2020-04-09 03:19:14 INFO  loginClass:45 - user clicks login
2020-04-09 03:19:14 INFO  loginClass:45 - user takes screenshots
2020-04-09 03:21:59 INFO  loginClass:45 - user is in home page
2020-04-09 03:22:30 INFO  loginClass:45 - user enters username and password
2020-04-09 03:22:32 INFO  loginClass:45 - user clicks login
2020-04-09 03:22:32 INFO  loginClass:45 - user takes screenshots
2020-04-09 03:22:35 INFO  loginClass:45 - user is in home page
2020-04-09 03:22:37 INFO  loginClass:45 - user enters username and password
2020-04-09 03:22:38 INFO  loginClass:45 - user clicks login
2020-04-09 03:22:38 INFO  loginClass:45 - user takes screenshots
2020-04-09 03:22:41 INFO  loginClass:45 - user is in home page
2020-04-09 03:22:42 INFO  loginClass:45 - user enters username and password
2020-04-09 03:22:44 INFO  loginClass:45 - user clicks login
2020-04-09 03:22:44 INFO  loginClass:45 - user takes screenshots
2020-04-09 03:22:47 INFO  loginClass:45 - user is in home page
2020-04-09 03:22:49 INFO  loginClass:45 - user enters username and password
2020-04-09 03:22:50 INFO  loginClass:45 - user clicks login
2020-04-09 03:22:50 INFO  loginClass:45 - user takes screenshots
2020-04-09 03:22:53 INFO  loginClass:45 - user is in home page
2020-04-09 03:22:54 INFO  loginClass:45 - user enters username and password
2020-04-09 03:22:57 INFO  loginClass:45 - user clicks login
2020-04-09 03:22:57 INFO  loginClass:45 - user takes screenshots
2020-04-09 03:24:24 INFO  loginClass:45 - user registered
2020-04-09 03:24:27 INFO  loginClass:45 - user is in home page
2020-04-09 03:24:29 INFO  loginClass:45 - user enters username and password
2020-04-09 03:24:31 INFO  loginClass:45 - user clicks login
2020-04-09 03:24:31 INFO  loginClass:45 - user takes screenshots
2020-04-09 03:24:34 INFO  loginClass:45 - user is in home page
2020-04-09 03:24:35 INFO  loginClass:45 - user enters username and password
2020-04-09 03:24:37 INFO  loginClass:45 - user clicks login
2020-04-09 03:24:37 INFO  loginClass:45 - user takes screenshots
2020-04-09 03:24:40 INFO  loginClass:45 - user is in home page
2020-04-09 03:24:41 INFO  loginClass:45 - user enters username and password
2020-04-09 03:24:43 INFO  loginClass:45 - user clicks login
2020-04-09 03:24:43 INFO  loginClass:45 - user takes screenshots
2020-04-09 03:24:45 INFO  loginClass:45 - user is in home page
2020-04-09 03:24:47 INFO  loginClass:45 - user enters username and password
2020-04-09 03:24:48 INFO  loginClass:45 - user clicks login
2020-04-09 03:24:48 INFO  loginClass:45 - user takes screenshots
2020-04-09 03:24:51 INFO  loginClass:45 - user is in home page
2020-04-09 03:24:52 INFO  loginClass:45 - user enters username and password
2020-04-09 03:24:56 INFO  loginClass:45 - user clicks login
2020-04-09 03:24:56 INFO  loginClass:45 - user takes screenshots
2020-04-09 03:27:08 INFO  loginClass:45 - user registered
2020-04-09 03:27:11 INFO  loginClass:45 - user is in home page
2020-04-09 03:27:13 INFO  loginClass:45 - user enters username and password
2020-04-09 03:27:15 INFO  loginClass:45 - user clicks login
2020-04-09 03:27:15 INFO  loginClass:45 - user takes screenshots
2020-04-09 03:27:18 INFO  loginClass:45 - user is in home page
2020-04-09 03:27:19 INFO  loginClass:45 - user enters username and password
2020-04-09 03:27:21 INFO  loginClass:45 - user clicks login
2020-04-09 03:27:21 INFO  loginClass:45 - user takes screenshots
2020-04-09 03:27:24 INFO  loginClass:45 - user is in home page
2020-04-09 03:27:25 INFO  loginClass:45 - user enters username and password
2020-04-09 03:27:27 INFO  loginClass:45 - user clicks login
2020-04-09 03:27:27 INFO  loginClass:45 - user takes screenshots
2020-04-09 03:27:29 INFO  loginClass:45 - user is in home page
2020-04-09 03:27:30 INFO  loginClass:45 - user enters username and password
2020-04-09 03:27:32 INFO  loginClass:45 - user clicks login
2020-04-09 03:27:32 INFO  loginClass:45 - user takes screenshots
2020-04-09 03:27:34 INFO  loginClass:45 - user is in home page
2020-04-09 03:27:36 INFO  loginClass:45 - user enters username and password
2020-04-09 03:27:39 INFO  loginClass:45 - user clicks login
2020-04-09 03:27:39 INFO  loginClass:45 - user takes screenshots
2020-04-09 03:29:55 INFO  loginClass:45 - user registered
2020-04-09 03:29:58 INFO  loginClass:45 - user is in home page
2020-04-09 03:30:00 INFO  loginClass:45 - user enters username and password
2020-04-09 03:30:02 INFO  loginClass:45 - user clicks login
2020-04-09 03:30:02 INFO  loginClass:45 - user takes screenshots
2020-04-09 03:30:05 INFO  loginClass:45 - user is in home page
2020-04-09 03:30:06 INFO  loginClass:45 - user enters username and password
2020-04-09 03:30:08 INFO  loginClass:45 - user clicks login
2020-04-09 03:30:08 INFO  loginClass:45 - user takes screenshots
2020-04-09 03:30:11 INFO  loginClass:45 - user is in home page
2020-04-09 03:30:13 INFO  loginClass:45 - user enters username and password
2020-04-09 03:30:14 INFO  loginClass:45 - user clicks login
2020-04-09 03:30:14 INFO  loginClass:45 - user takes screenshots
2020-04-09 03:30:17 INFO  loginClass:45 - user is in home page
2020-04-09 03:30:18 INFO  loginClass:45 - user enters username and password
2020-04-09 03:30:20 INFO  loginClass:45 - user clicks login
2020-04-09 03:30:20 INFO  loginClass:45 - user takes screenshots
2020-04-09 03:30:22 INFO  loginClass:45 - user is in home page
2020-04-09 03:30:24 INFO  loginClass:45 - user enters username and password
2020-04-09 03:30:25 INFO  loginClass:45 - user clicks login
2020-04-09 03:30:25 INFO  loginClass:45 - user takes screenshots
2020-04-09 03:31:31 INFO  loginClass:45 - user registered
2020-04-09 03:31:34 INFO  loginClass:45 - user is in home page
2020-04-09 03:31:43 INFO  loginClass:45 - user enters username and password
2020-04-09 03:31:44 INFO  loginClass:45 - user clicks login
2020-04-09 03:31:44 INFO  loginClass:45 - user takes screenshots
2020-04-09 03:31:47 INFO  loginClass:45 - user is in home page
2020-04-09 03:31:49 INFO  loginClass:45 - user enters username and password
2020-04-09 03:31:51 INFO  loginClass:45 - user clicks login
2020-04-09 03:31:51 INFO  loginClass:45 - user takes screenshots
2020-04-09 03:31:53 INFO  loginClass:45 - user is in home page
2020-04-09 03:31:55 INFO  loginClass:45 - user enters username and password
2020-04-09 03:31:56 INFO  loginClass:45 - user clicks login
2020-04-09 03:31:56 INFO  loginClass:45 - user takes screenshots
2020-04-09 03:31:59 INFO  loginClass:45 - user is in home page
2020-04-09 03:32:00 INFO  loginClass:45 - user enters username and password
2020-04-09 03:32:02 INFO  loginClass:45 - user clicks login
2020-04-09 03:32:02 INFO  loginClass:45 - user takes screenshots
2020-04-09 03:32:04 INFO  loginClass:45 - user is in home page
2020-04-09 03:32:06 INFO  loginClass:45 - user enters username and password
2020-04-09 03:32:09 INFO  loginClass:45 - user clicks login
2020-04-09 03:32:09 INFO  loginClass:45 - user takes screenshots
2020-04-09 03:35:38 INFO  loginClass:45 - user registered
2020-04-09 03:35:41 INFO  loginClass:45 - user is in home page
2020-04-09 03:35:43 INFO  loginClass:45 - user enters username and password
2020-04-09 03:35:45 INFO  loginClass:45 - user clicks login
2020-04-09 03:35:45 INFO  loginClass:45 - user takes screenshots
2020-04-09 03:35:47 INFO  loginClass:45 - user is in home page
2020-04-09 03:35:49 INFO  loginClass:45 - user enters username and password
2020-04-09 03:35:51 INFO  loginClass:45 - user clicks login
2020-04-09 03:35:51 INFO  loginClass:45 - user takes screenshots
2020-04-09 03:35:53 INFO  loginClass:45 - user is in home page
2020-04-09 03:35:54 INFO  loginClass:45 - user enters username and password
2020-04-09 03:35:55 INFO  loginClass:45 - user clicks login
2020-04-09 03:35:55 INFO  loginClass:45 - user takes screenshots
2020-04-09 03:35:58 INFO  loginClass:45 - user is in home page
2020-04-09 03:36:00 INFO  loginClass:45 - user enters username and password
2020-04-09 03:36:01 INFO  loginClass:45 - user clicks login
2020-04-09 03:36:01 INFO  loginClass:45 - user takes screenshots
2020-04-09 03:36:04 INFO  loginClass:45 - user is in home page
2020-04-09 03:36:05 INFO  loginClass:45 - user enters username and password
2020-04-09 03:36:12 INFO  loginClass:45 - user clicks login
2020-04-09 03:36:12 INFO  loginClass:45 - user takes screenshots
2020-04-09 04:11:20 INFO  loginClass:45 - user registered
2020-04-09 04:11:25 INFO  loginClass:45 - user is in home page
2020-04-09 04:11:28 INFO  loginClass:45 - user enters username and password
2020-04-09 04:11:29 INFO  loginClass:45 - user clicks login
2020-04-09 04:11:29 INFO  loginClass:45 - user takes screenshots
2020-04-09 04:11:32 INFO  loginClass:45 - user is in home page
2020-04-09 04:11:33 INFO  loginClass:45 - user enters username and password
2020-04-09 04:11:35 INFO  loginClass:45 - user clicks login
2020-04-09 04:11:35 INFO  loginClass:45 - user takes screenshots
2020-04-09 04:11:38 INFO  loginClass:45 - user is in home page
2020-04-09 04:11:39 INFO  loginClass:45 - user enters username and password
2020-04-09 04:11:41 INFO  loginClass:45 - user clicks login
2020-04-09 04:11:41 INFO  loginClass:45 - user takes screenshots
2020-04-09 04:11:43 INFO  loginClass:45 - user is in home page
2020-04-09 04:11:45 INFO  loginClass:45 - user enters username and password
2020-04-09 04:11:46 INFO  loginClass:45 - user clicks login
2020-04-09 04:11:46 INFO  loginClass:45 - user takes screenshots
2020-04-09 04:11:49 INFO  loginClass:45 - user is in home page
2020-04-09 04:11:50 INFO  loginClass:45 - user enters username and password
2020-04-09 04:11:53 INFO  loginClass:45 - user clicks login
2020-04-09 04:11:53 INFO  loginClass:45 - user takes screenshots
2020-04-09 16:09:48 INFO  loginClass:45 - user registered
2020-04-09 16:09:52 INFO  loginClass:45 - user is in home page
2020-04-09 16:09:57 INFO  loginClass:45 - user enters username and password
2020-04-09 16:09:59 INFO  loginClass:45 - user clicks login
2020-04-09 16:09:59 INFO  loginClass:45 - user takes screenshots
2020-04-09 16:10:02 INFO  loginClass:45 - user is in home page
2020-04-09 16:10:03 INFO  loginClass:45 - user enters username and password
2020-04-09 16:10:05 INFO  loginClass:45 - user clicks login
2020-04-09 16:10:05 INFO  loginClass:45 - user takes screenshots
2020-04-09 16:10:07 INFO  loginClass:45 - user is in home page
2020-04-09 16:10:09 INFO  loginClass:45 - user enters username and password
2020-04-09 16:10:10 INFO  loginClass:45 - user clicks login
2020-04-09 16:10:10 INFO  loginClass:45 - user takes screenshots
2020-04-09 16:10:13 INFO  loginClass:45 - user is in home page
2020-04-09 16:10:14 INFO  loginClass:45 - user enters username and password
2020-04-09 16:10:16 INFO  loginClass:45 - user clicks login
2020-04-09 16:10:16 INFO  loginClass:45 - user takes screenshots
2020-04-09 16:10:19 INFO  loginClass:45 - user is in home page
2020-04-09 16:10:20 INFO  loginClass:45 - user enters username and password
2020-04-09 16:10:24 INFO  loginClass:45 - user clicks login
2020-04-09 16:10:24 INFO  loginClass:45 - user takes screenshots
2020-04-09 22:05:29 INFO  baseClass:45 - user registered
2020-04-09 22:05:30 INFO  baseClass:45 - user is in home page
2020-04-09 22:05:35 INFO  baseClass:45 - user enters username and password
2020-04-09 22:05:36 INFO  baseClass:45 - user clicks login
2020-04-09 22:05:36 INFO  baseClass:45 - user takes screenshots
2020-04-09 22:05:40 INFO  baseClass:45 - user is in home page
2020-04-09 22:05:41 INFO  baseClass:45 - user enters username and password
2020-04-09 22:05:43 INFO  baseClass:45 - user clicks login
2020-04-09 22:05:43 INFO  baseClass:45 - user takes screenshots
2020-04-09 22:05:46 INFO  baseClass:45 - user is in home page
2020-04-09 22:05:47 INFO  baseClass:45 - user enters username and password
2020-04-09 22:05:49 INFO  baseClass:45 - user clicks login
2020-04-09 22:05:49 INFO  baseClass:45 - user takes screenshots
2020-04-09 22:05:52 INFO  baseClass:45 - user is in home page
2020-04-09 22:05:53 INFO  baseClass:45 - user enters username and password
2020-04-09 22:05:55 INFO  baseClass:45 - user clicks login
2020-04-09 22:05:55 INFO  baseClass:45 - user takes screenshots
2020-04-09 22:05:57 INFO  baseClass:45 - user is in home page
2020-04-09 22:05:59 INFO  baseClass:45 - user enters username and password
2020-04-09 22:06:03 INFO  baseClass:45 - user clicks login
2020-04-09 22:06:03 INFO  baseClass:45 - user takes screenshots
2020-04-09 22:29:47 INFO  baseClass:45 - user registered
2020-04-09 22:29:50 INFO  baseClass:45 - user is in home page
2020-04-09 22:29:53 INFO  baseClass:45 - user enters username and password
2020-04-09 22:29:54 INFO  baseClass:45 - user clicks login
2020-04-09 22:29:54 INFO  baseClass:45 - user takes screenshots
2020-04-09 22:29:58 INFO  baseClass:45 - user is in home page
2020-04-09 22:29:59 INFO  baseClass:45 - user enters username and password
2020-04-09 22:30:01 INFO  baseClass:45 - user clicks login
2020-04-09 22:30:01 INFO  baseClass:45 - user takes screenshots
2020-04-09 22:30:04 INFO  baseClass:45 - user is in home page
2020-04-09 22:30:06 INFO  baseClass:45 - user enters username and password
2020-04-09 22:30:07 INFO  baseClass:45 - user clicks login
2020-04-09 22:30:07 INFO  baseClass:45 - user takes screenshots
2020-04-09 22:30:10 INFO  baseClass:45 - user is in home page
2020-04-09 22:30:11 INFO  baseClass:45 - user enters username and password
2020-04-09 22:30:13 INFO  baseClass:45 - user clicks login
2020-04-09 22:30:13 INFO  baseClass:45 - user takes screenshots
2020-04-09 22:30:16 INFO  baseClass:45 - user is in home page
2020-04-09 22:30:17 INFO  baseClass:45 - user enters username and password
2020-04-09 22:30:19 INFO  baseClass:45 - user clicks login
2020-04-09 22:30:19 INFO  baseClass:45 - user takes screenshots
2020-04-09 22:32:55 INFO  baseClass:45 - user registered
2020-04-09 22:32:58 INFO  baseClass:45 - user is in home page
2020-04-09 22:33:04 INFO  baseClass:45 - user enters username and password
2020-04-09 22:33:05 INFO  baseClass:45 - user clicks login
2020-04-09 22:33:05 INFO  baseClass:45 - user takes screenshots
2020-04-09 22:33:09 INFO  baseClass:45 - user is in home page
2020-04-09 22:33:11 INFO  baseClass:45 - user enters username and password
2020-04-09 22:33:13 INFO  baseClass:45 - user clicks login
2020-04-09 22:33:13 INFO  baseClass:45 - user takes screenshots
2020-04-09 22:33:16 INFO  baseClass:45 - user is in home page
2020-04-09 22:33:17 INFO  baseClass:45 - user enters username and password
2020-04-09 22:33:19 INFO  baseClass:45 - user clicks login
2020-04-09 22:33:19 INFO  baseClass:45 - user takes screenshots
2020-04-09 22:33:21 INFO  baseClass:45 - user is in home page
2020-04-09 22:33:23 INFO  baseClass:45 - user enters username and password
2020-04-09 22:33:24 INFO  baseClass:45 - user clicks login
2020-04-09 22:33:24 INFO  baseClass:45 - user takes screenshots
2020-04-09 22:33:27 INFO  baseClass:45 - user is in home page
2020-04-09 22:33:29 INFO  baseClass:45 - user enters username and password
2020-04-09 22:33:32 INFO  baseClass:45 - user clicks login
2020-04-09 22:33:32 INFO  baseClass:45 - user takes screenshots
2020-04-09 22:35:59 INFO  baseClass:45 - user is in home page
2020-04-09 22:36:02 INFO  baseClass:45 - user enters username and password
2020-04-09 22:36:03 INFO  baseClass:45 - user clicks login
2020-04-09 22:36:03 INFO  baseClass:45 - user takes screenshots
2020-04-09 22:36:06 INFO  baseClass:45 - user is in home page
2020-04-09 22:36:08 INFO  baseClass:45 - user enters username and password
2020-04-09 22:36:10 INFO  baseClass:45 - user clicks login
2020-04-09 22:36:10 INFO  baseClass:45 - user takes screenshots
2020-04-09 22:36:13 INFO  baseClass:45 - user is in home page
2020-04-09 22:36:14 INFO  baseClass:45 - user enters username and password
2020-04-09 22:36:16 INFO  baseClass:45 - user clicks login
2020-04-09 22:36:16 INFO  baseClass:45 - user takes screenshots
2020-04-09 22:36:18 INFO  baseClass:45 - user is in home page
2020-04-09 22:36:20 INFO  baseClass:45 - user enters username and password
2020-04-09 22:36:21 INFO  baseClass:45 - user clicks login
2020-04-09 22:36:21 INFO  baseClass:45 - user takes screenshots
2020-04-09 22:36:24 INFO  baseClass:45 - user is in home page
2020-04-09 22:36:25 INFO  baseClass:45 - user enters username and password
2020-04-09 22:36:29 INFO  baseClass:45 - user clicks login
2020-04-09 22:36:29 INFO  baseClass:45 - user takes screenshots
2020-04-09 22:40:00 INFO  baseClass:45 - user registered
2020-04-09 22:40:03 INFO  baseClass:45 - user is in home page
2020-04-09 22:40:05 INFO  baseClass:45 - user enters username and password
2020-04-09 22:40:07 INFO  baseClass:45 - user clicks login
2020-04-09 22:40:07 INFO  baseClass:45 - user takes screenshots
2020-04-09 22:40:10 INFO  baseClass:45 - user is in home page
2020-04-09 22:40:11 INFO  baseClass:45 - user enters username and password
2020-04-09 22:40:13 INFO  baseClass:45 - user clicks login
2020-04-09 22:40:13 INFO  baseClass:45 - user takes screenshots
2020-04-09 22:40:16 INFO  baseClass:45 - user is in home page
2020-04-09 22:40:18 INFO  baseClass:45 - user enters username and password
2020-04-09 22:40:19 INFO  baseClass:45 - user clicks login
2020-04-09 22:40:19 INFO  baseClass:45 - user takes screenshots
2020-04-09 22:40:21 INFO  baseClass:45 - user is in home page
2020-04-09 22:40:23 INFO  baseClass:45 - user enters username and password
2020-04-09 22:40:24 INFO  baseClass:45 - user clicks login
2020-04-09 22:40:24 INFO  baseClass:45 - user takes screenshots
2020-04-09 22:40:27 INFO  baseClass:45 - user is in home page
2020-04-09 22:40:29 INFO  baseClass:45 - user enters username and password
2020-04-09 22:40:33 INFO  baseClass:45 - user clicks login
2020-04-09 22:40:33 INFO  baseClass:45 - user takes screenshots
2020-04-09 22:43:48 INFO  baseClass:45 - user registered
2020-04-09 22:43:51 INFO  baseClass:45 - user is in home page
2020-04-09 22:43:53 INFO  baseClass:45 - user enters username and password
2020-04-09 22:43:55 INFO  baseClass:45 - user clicks login
2020-04-09 22:43:55 INFO  baseClass:45 - user takes screenshots
2020-04-09 22:43:57 INFO  baseClass:45 - user is in home page
2020-04-09 22:43:59 INFO  baseClass:45 - user enters username and password
2020-04-09 22:44:01 INFO  baseClass:45 - user clicks login
2020-04-09 22:44:01 INFO  baseClass:45 - user takes screenshots
2020-04-09 22:44:03 INFO  baseClass:45 - user is in home page
2020-04-09 22:44:05 INFO  baseClass:45 - user enters username and password
2020-04-09 22:44:06 INFO  baseClass:45 - user clicks login
2020-04-09 22:44:06 INFO  baseClass:45 - user takes screenshots
2020-04-09 22:44:09 INFO  baseClass:45 - user is in home page
2020-04-09 22:44:11 INFO  baseClass:45 - user enters username and password
2020-04-09 22:44:12 INFO  baseClass:45 - user clicks login
2020-04-09 22:44:12 INFO  baseClass:45 - user takes screenshots
2020-04-09 22:44:15 INFO  baseClass:45 - user is in home page
2020-04-09 22:44:16 INFO  baseClass:45 - user enters username and password
2020-04-09 22:44:20 INFO  baseClass:45 - user clicks login
2020-04-09 22:44:20 INFO  baseClass:45 - user takes screenshots
2020-04-09 22:47:31 INFO  baseClass:45 - user registered
2020-04-09 22:47:33 INFO  baseClass:45 - user is in home page
2020-04-09 22:47:36 INFO  baseClass:45 - user enters username and password
2020-04-09 22:47:37 INFO  baseClass:45 - user clicks login
2020-04-09 22:47:37 INFO  baseClass:45 - user takes screenshots
2020-04-09 22:47:41 INFO  baseClass:45 - user is in home page
2020-04-09 22:47:43 INFO  baseClass:45 - user enters username and password
2020-04-09 22:47:45 INFO  baseClass:45 - user clicks login
2020-04-09 22:47:45 INFO  baseClass:45 - user takes screenshots
2020-04-09 22:47:47 INFO  baseClass:45 - user is in home page
2020-04-09 22:47:49 INFO  baseClass:45 - user enters username and password
2020-04-09 22:47:50 INFO  baseClass:45 - user clicks login
2020-04-09 22:47:50 INFO  baseClass:45 - user takes screenshots
2020-04-09 22:47:53 INFO  baseClass:45 - user is in home page
2020-04-09 22:47:54 INFO  baseClass:45 - user enters username and password
2020-04-09 22:47:56 INFO  baseClass:45 - user clicks login
2020-04-09 22:47:56 INFO  baseClass:45 - user takes screenshots
2020-04-09 22:47:59 INFO  baseClass:45 - user is in home page
2020-04-09 22:48:00 INFO  baseClass:45 - user enters username and password
2020-04-09 22:48:04 INFO  baseClass:45 - user clicks login
2020-04-09 22:48:04 INFO  baseClass:45 - user takes screenshots
2020-04-09 23:03:02 INFO  baseClass:45 - user is in homepage
2020-04-09 23:03:10 INFO  baseClass:45 - user enters register values
2020-04-09 23:03:43 INFO  baseClass:45 - user is in homepage
2020-04-09 23:03:50 INFO  baseClass:45 - user enters register values
2020-04-09 23:11:15 INFO  baseClass:45 - user is in homepage
2020-04-09 23:11:24 INFO  baseClass:45 - user enters register values
2020-04-09 23:11:57 INFO  baseClass:45 - user is in homepage
2020-04-09 23:12:03 INFO  baseClass:45 - user enters register values
2020-04-09 23:12:36 INFO  baseClass:45 - user is in homepage
2020-04-09 23:12:43 INFO  baseClass:45 - user enters register values
2020-04-09 23:18:32 INFO  baseClass:45 - user is in homepage
2020-04-09 23:18:41 INFO  baseClass:45 - user enters register values
2020-04-09 23:19:14 INFO  baseClass:45 - user is in homepage
2020-04-09 23:19:20 INFO  baseClass:45 - user enters register values
2020-04-09 23:19:53 INFO  baseClass:45 - user is in homepage
2020-04-09 23:20:00 INFO  baseClass:45 - user enters register values
2020-04-09 23:20:32 INFO  baseClass:45 - user is in homepage
2020-04-09 23:20:39 INFO  baseClass:45 - user enters register values
2020-04-09 23:21:12 INFO  baseClass:45 - user is in homepage
2020-04-09 23:21:19 INFO  baseClass:45 - user enters register values
2020-04-09 23:21:52 INFO  baseClass:45 - user is in homepage
2020-04-09 23:21:59 INFO  baseClass:45 - user enters register values
2020-04-09 23:22:31 INFO  baseClass:45 - user is in homepage
2020-04-09 23:22:38 INFO  baseClass:45 - user enters register values
2020-04-09 23:23:10 INFO  baseClass:45 - user is in homepage
2020-04-09 23:23:16 INFO  baseClass:45 - user enters register values
2020-04-09 23:23:49 INFO  baseClass:45 - user is in homepage
2020-04-09 23:23:55 INFO  baseClass:45 - user enters register values
2020-04-09 23:32:14 INFO  baseClass:45 - user registered
2020-04-09 23:32:18 INFO  baseClass:45 - user is in home page
2020-04-09 23:32:26 INFO  baseClass:45 - user enters username and password
2020-04-09 23:32:27 INFO  baseClass:45 - user clicks login
2020-04-09 23:32:27 INFO  baseClass:45 - user takes screenshots
2020-04-09 23:32:30 INFO  baseClass:45 - user is in home page
2020-04-09 23:32:32 INFO  baseClass:45 - user enters username and password
2020-04-09 23:32:34 INFO  baseClass:45 - user clicks login
2020-04-09 23:32:34 INFO  baseClass:45 - user takes screenshots
2020-04-09 23:32:36 INFO  baseClass:45 - user is in home page
2020-04-09 23:32:38 INFO  baseClass:45 - user enters username and password
2020-04-09 23:32:39 INFO  baseClass:45 - user clicks login
2020-04-09 23:32:39 INFO  baseClass:45 - user takes screenshots
2020-04-09 23:32:42 INFO  baseClass:45 - user is in home page
2020-04-09 23:32:43 INFO  baseClass:45 - user enters username and password
2020-04-09 23:32:45 INFO  baseClass:45 - user clicks login
2020-04-09 23:32:45 INFO  baseClass:45 - user takes screenshots
2020-04-09 23:32:48 INFO  baseClass:45 - user is in home page
2020-04-09 23:32:49 INFO  baseClass:45 - user enters username and password
2020-04-09 23:32:53 INFO  baseClass:45 - user clicks login
2020-04-09 23:32:53 INFO  baseClass:45 - user takes screenshots
2020-04-09 23:39:53 INFO  baseClass:45 - user is in homepage
2020-04-09 23:39:57 INFO  baseClass:45 - user enters register values
2020-04-09 23:39:58 INFO  baseClass:45 - user clicks sign in
2020-04-09 23:39:58 INFO  baseClass:45 - user takes screen shots
2020-04-09 23:40:01 INFO  baseClass:45 - user is in homepage
2020-04-09 23:40:04 INFO  baseClass:45 - user enters register values
2020-04-09 23:40:05 INFO  baseClass:45 - user clicks sign in
2020-04-09 23:40:05 INFO  baseClass:45 - user takes screen shots
2020-04-09 23:40:08 INFO  baseClass:45 - user is in homepage
2020-04-09 23:40:10 INFO  baseClass:45 - user enters register values
2020-04-09 23:40:12 INFO  baseClass:45 - user clicks sign in
2020-04-09 23:40:12 INFO  baseClass:45 - user takes screen shots
2020-04-09 23:40:14 INFO  baseClass:45 - user is in homepage
2020-04-09 23:40:17 INFO  baseClass:45 - user enters register values
2020-04-09 23:40:18 INFO  baseClass:45 - user clicks sign in
2020-04-09 23:40:18 INFO  baseClass:45 - user takes screen shots
2020-04-09 23:40:21 INFO  baseClass:45 - user is in homepage
2020-04-09 23:40:23 INFO  baseClass:45 - user enters register values
2020-04-09 23:40:25 INFO  baseClass:45 - user clicks sign in
2020-04-09 23:40:25 INFO  baseClass:45 - user takes screen shots
2020-04-09 23:40:27 INFO  baseClass:45 - user is in homepage
2020-04-09 23:40:30 INFO  baseClass:45 - user enters register values
2020-04-09 23:40:31 INFO  baseClass:45 - user clicks sign in
2020-04-09 23:40:31 INFO  baseClass:45 - user takes screen shots
2020-04-09 23:40:34 INFO  baseClass:45 - user is in homepage
2020-04-09 23:40:36 INFO  baseClass:45 - user enters register values
2020-04-09 23:40:38 INFO  baseClass:45 - user clicks sign in
2020-04-09 23:40:38 INFO  baseClass:45 - user takes screen shots
2020-04-09 23:40:40 INFO  baseClass:45 - user is in homepage
2020-04-09 23:40:42 INFO  baseClass:45 - user enters register values
2020-04-09 23:40:44 INFO  baseClass:45 - user clicks sign in
2020-04-09 23:40:44 INFO  baseClass:45 - user takes screen shots
2020-04-09 23:40:46 INFO  baseClass:45 - user is in homepage
2020-04-09 23:40:49 INFO  baseClass:45 - user enters register values
2020-04-09 23:40:50 INFO  baseClass:45 - user clicks sign in
2020-04-09 23:40:50 INFO  baseClass:45 - user takes screen shots
2020-04-09 23:46:43 INFO  baseClass:45 - user is in homepage
2020-04-09 23:46:48 INFO  baseClass:45 - user enters register values
2020-04-09 23:46:50 INFO  baseClass:45 - user clicks sign in
2020-04-09 23:46:50 INFO  baseClass:45 - user takes screen shots
2020-04-09 23:46:53 INFO  baseClass:45 - user is in homepage
2020-04-09 23:46:56 INFO  baseClass:45 - user enters register values
2020-04-09 23:46:58 INFO  baseClass:45 - user clicks sign in
2020-04-09 23:46:58 INFO  baseClass:45 - user takes screen shots
2020-04-09 23:47:01 INFO  baseClass:45 - user is in homepage
2020-04-09 23:47:03 INFO  baseClass:45 - user enters register values
2020-04-09 23:47:05 INFO  baseClass:45 - user clicks sign in
2020-04-09 23:47:05 INFO  baseClass:45 - user takes screen shots
2020-04-09 23:47:07 INFO  baseClass:45 - user is in homepage
2020-04-09 23:47:10 INFO  baseClass:45 - user enters register values
2020-04-09 23:47:11 INFO  baseClass:45 - user clicks sign in
2020-04-09 23:47:11 INFO  baseClass:45 - user takes screen shots
2020-04-09 23:47:14 INFO  baseClass:45 - user is in homepage
2020-04-09 23:47:16 INFO  baseClass:45 - user enters register values
2020-04-09 23:47:18 INFO  baseClass:45 - user clicks sign in
2020-04-09 23:47:18 INFO  baseClass:45 - user takes screen shots
2020-04-09 23:47:21 INFO  baseClass:45 - user is in homepage
2020-04-09 23:47:23 INFO  baseClass:45 - user enters register values
2020-04-09 23:47:25 INFO  baseClass:45 - user clicks sign in
2020-04-09 23:47:25 INFO  baseClass:45 - user takes screen shots
2020-04-09 23:47:27 INFO  baseClass:45 - user is in homepage
2020-04-09 23:47:30 INFO  baseClass:45 - user enters register values
2020-04-09 23:47:31 INFO  baseClass:45 - user clicks sign in
2020-04-09 23:47:31 INFO  baseClass:45 - user takes screen shots
2020-04-09 23:47:34 INFO  baseClass:45 - user is in homepage
2020-04-09 23:47:37 INFO  baseClass:45 - user enters register values
2020-04-09 23:47:38 INFO  baseClass:45 - user clicks sign in
2020-04-09 23:47:38 INFO  baseClass:45 - user takes screen shots
2020-04-09 23:47:41 INFO  baseClass:45 - user is in homepage
2020-04-09 23:47:43 INFO  baseClass:45 - user enters register values
2020-04-09 23:47:44 INFO  baseClass:45 - user clicks sign in
2020-04-09 23:47:44 INFO  baseClass:45 - user takes screen shots
2020-04-09 23:51:45 INFO  baseClass:45 - user is in homepage
2020-04-09 23:51:50 INFO  baseClass:45 - user enters register values
2020-04-09 23:51:52 INFO  baseClass:45 - user clicks sign in
2020-04-09 23:51:52 INFO  baseClass:45 - user takes screen shots
2020-04-09 23:51:55 INFO  baseClass:45 - user is in homepage
2020-04-09 23:51:58 INFO  baseClass:45 - user enters register values
2020-04-09 23:52:00 INFO  baseClass:45 - user clicks sign in
2020-04-09 23:52:00 INFO  baseClass:45 - user takes screen shots
2020-04-09 23:52:03 INFO  baseClass:45 - user is in homepage
2020-04-09 23:52:05 INFO  baseClass:45 - user enters register values
2020-04-09 23:52:07 INFO  baseClass:45 - user clicks sign in
2020-04-09 23:52:07 INFO  baseClass:45 - user takes screen shots
2020-04-09 23:52:09 INFO  baseClass:45 - user is in homepage
2020-04-09 23:52:11 INFO  baseClass:45 - user enters register values
2020-04-09 23:52:13 INFO  baseClass:45 - user clicks sign in
2020-04-09 23:52:13 INFO  baseClass:45 - user takes screen shots
2020-04-09 23:52:16 INFO  baseClass:45 - user is in homepage
2020-04-09 23:52:18 INFO  baseClass:45 - user enters register values
2020-04-09 23:52:19 INFO  baseClass:45 - user clicks sign in
2020-04-09 23:52:19 INFO  baseClass:45 - user takes screen shots
2020-04-09 23:52:22 INFO  baseClass:45 - user is in homepage
2020-04-09 23:52:25 INFO  baseClass:45 - user enters register values
2020-04-09 23:52:26 INFO  baseClass:45 - user clicks sign in
2020-04-09 23:52:26 INFO  baseClass:45 - user takes screen shots
2020-04-09 23:52:29 INFO  baseClass:45 - user is in homepage
2020-04-09 23:52:31 INFO  baseClass:45 - user enters register values
2020-04-09 23:52:32 INFO  baseClass:45 - user clicks sign in
2020-04-09 23:52:32 INFO  baseClass:45 - user takes screen shots
2020-04-09 23:52:35 INFO  baseClass:45 - user is in homepage
2020-04-09 23:52:37 INFO  baseClass:45 - user enters register values
2020-04-09 23:52:39 INFO  baseClass:45 - user clicks sign in
2020-04-09 23:52:39 INFO  baseClass:45 - user takes screen shots
2020-04-09 23:52:42 INFO  baseClass:45 - user is in homepage
2020-04-09 23:52:44 INFO  baseClass:45 - user enters register values
2020-04-09 23:52:46 INFO  baseClass:45 - user clicks sign in
2020-04-09 23:52:46 INFO  baseClass:45 - user takes screen shots
2020-04-11 15:21:00 INFO  baseClass:45 - user registered
2020-04-11 15:27:12 INFO  baseClass:45 - user registered
2020-04-11 15:31:06 INFO  baseClass:45 - user registered
2020-04-11 15:37:08 INFO  baseClass:45 - user registered
2020-04-11 15:40:10 INFO  baseClass:45 - user registered
2020-04-11 15:42:34 INFO  baseClass:45 - user registered
2020-04-11 15:45:07 INFO  baseClass:45 - user registered
2020-04-11 15:47:39 INFO  baseClass:45 - user registered
2020-04-11 15:52:55 INFO  baseClass:45 - user registered
2020-04-11 15:53:57 INFO  baseClass:45 - user is booking a hotel
2020-04-11 15:55:59 INFO  baseClass:45 - user registered
2020-04-11 15:59:54 INFO  baseClass:45 - user registered
2020-04-11 16:02:22 INFO  baseClass:45 - user registered
2020-04-11 16:07:18 INFO  baseClass:45 - user registered
2020-04-11 16:09:47 INFO  baseClass:45 - user registered
2020-04-11 16:10:36 INFO  baseClass:45 - user is booking a hotel
2020-04-11 16:11:55 INFO  baseClass:45 - user registered
2020-04-11 16:15:09 INFO  baseClass:45 - user registered
2020-04-11 16:17:39 INFO  baseClass:45 - user registered
2020-04-11 16:20:51 INFO  baseClass:45 - user registered
2020-04-11 16:21:09 INFO  baseClass:45 - user is booking a hotel
2020-04-11 16:22:41 INFO  baseClass:45 - user registered
2020-04-11 16:23:01 INFO  baseClass:45 - user is booking a hotel
2020-04-11 16:30:08 INFO  baseClass:45 - user registered
2020-04-11 17:30:26 INFO  baseClass:45 - user registered
2020-04-11 17:30:55 INFO  baseClass:45 - user is booking a hotel
2020-04-11 17:32:35 INFO  baseClass:45 - user is in home page
2020-04-11 17:32:41 INFO  baseClass:45 - user enters username and password
2020-04-11 17:32:43 INFO  baseClass:45 - user clicks login
2020-04-11 17:32:43 INFO  baseClass:45 - user takes screenshots
2020-04-11 17:32:56 INFO  baseClass:45 - user is in home page
2020-04-11 17:32:58 INFO  baseClass:45 - user enters username and password
2020-04-11 17:33:01 INFO  baseClass:45 - user clicks login
2020-04-11 17:33:01 INFO  baseClass:45 - user takes screenshots
2020-04-11 17:33:13 INFO  baseClass:45 - user is in home page
2020-04-11 17:33:15 INFO  baseClass:45 - user enters username and password
2020-04-11 17:33:17 INFO  baseClass:45 - user clicks login
2020-04-11 17:33:17 INFO  baseClass:45 - user takes screenshots
2020-04-11 17:33:20 INFO  baseClass:45 - user is in home page
2020-04-11 17:33:22 INFO  baseClass:45 - user enters username and password
2020-04-11 17:33:24 INFO  baseClass:45 - user clicks login
2020-04-11 17:33:24 INFO  baseClass:45 - user takes screenshots
2020-04-11 17:33:28 INFO  baseClass:45 - user is in home page
2020-04-11 17:33:30 INFO  baseClass:45 - user enters username and password
2020-04-11 17:33:32 INFO  baseClass:45 - user clicks login
2020-04-11 17:33:32 INFO  baseClass:45 - user takes screenshots
2020-04-11 17:35:33 INFO  baseClass:45 - user registered
2020-04-11 17:37:55 INFO  baseClass:45 - user is in homepage
2020-04-11 17:38:04 INFO  baseClass:45 - user enters register values
2020-04-11 17:38:06 INFO  baseClass:45 - user clicks sign in
2020-04-11 17:38:06 INFO  baseClass:45 - user takes screen shots
2020-04-11 17:38:11 INFO  baseClass:45 - user is in homepage
2020-04-11 17:38:14 INFO  baseClass:45 - user enters register values
2020-04-11 17:38:16 INFO  baseClass:45 - user clicks sign in
2020-04-11 17:38:16 INFO  baseClass:45 - user takes screen shots
2020-04-11 17:38:20 INFO  baseClass:45 - user is in homepage
2020-04-11 17:38:23 INFO  baseClass:45 - user enters register values
2020-04-11 17:38:24 INFO  baseClass:45 - user clicks sign in
2020-04-11 17:38:24 INFO  baseClass:45 - user takes screen shots
2020-04-11 17:38:29 INFO  baseClass:45 - user is in homepage
2020-04-11 17:38:31 INFO  baseClass:45 - user enters register values
2020-04-11 17:38:33 INFO  baseClass:45 - user clicks sign in
2020-04-11 17:38:33 INFO  baseClass:45 - user takes screen shots
2020-04-11 17:38:36 INFO  baseClass:45 - user is in homepage
2020-04-11 17:38:39 INFO  baseClass:45 - user enters register values
2020-04-11 17:38:41 INFO  baseClass:45 - user clicks sign in
2020-04-11 17:38:41 INFO  baseClass:45 - user takes screen shots
2020-04-11 17:38:45 INFO  baseClass:45 - user is in homepage
2020-04-11 17:38:47 INFO  baseClass:45 - user enters register values
2020-04-11 17:38:49 INFO  baseClass:45 - user clicks sign in
2020-04-11 17:38:49 INFO  baseClass:45 - user takes screen shots
2020-04-11 17:38:52 INFO  baseClass:45 - user is in homepage
2020-04-11 17:38:56 INFO  baseClass:45 - user enters register values
2020-04-11 17:38:57 INFO  baseClass:45 - user clicks sign in
2020-04-11 17:38:57 INFO  baseClass:45 - user takes screen shots
2020-04-11 17:39:02 INFO  baseClass:45 - user is in homepage
2020-04-11 17:39:05 INFO  baseClass:45 - user enters register values
2020-04-11 17:39:07 INFO  baseClass:45 - user clicks sign in
2020-04-11 17:39:07 INFO  baseClass:45 - user takes screen shots
2020-04-11 17:39:12 INFO  baseClass:45 - user is in homepage
2020-04-11 17:39:15 INFO  baseClass:45 - user enters register values
2020-04-11 17:39:19 INFO  baseClass:45 - user clicks sign in
2020-04-11 17:39:19 INFO  baseClass:45 - user takes screen shots
2020-04-11 17:42:33 INFO  baseClass:45 - user registered
2020-04-11 17:42:37 INFO  baseClass:45 - user is in home page
2020-04-11 17:42:41 INFO  baseClass:45 - user enters username and password
2020-04-11 17:42:42 INFO  baseClass:45 - user clicks login
2020-04-11 17:42:42 INFO  baseClass:45 - user takes screenshots
2020-04-11 17:42:46 INFO  baseClass:45 - user is in home page
2020-04-11 17:42:48 INFO  baseClass:45 - user enters username and password
2020-04-11 17:42:50 INFO  baseClass:45 - user clicks login
2020-04-11 17:42:50 INFO  baseClass:45 - user takes screenshots
2020-04-11 17:42:54 INFO  baseClass:45 - user is in home page
2020-04-11 17:42:56 INFO  baseClass:45 - user enters username and password
2020-04-11 17:42:57 INFO  baseClass:45 - user clicks login
2020-04-11 17:42:57 INFO  baseClass:45 - user takes screenshots
2020-04-11 17:43:01 INFO  baseClass:45 - user is in home page
2020-04-11 17:43:03 INFO  baseClass:45 - user enters username and password
2020-04-11 17:43:05 INFO  baseClass:45 - user clicks login
2020-04-11 17:43:05 INFO  baseClass:45 - user takes screenshots
2020-04-11 17:43:08 INFO  baseClass:45 - user is in home page
2020-04-11 17:43:10 INFO  baseClass:45 - user enters username and password
2020-04-11 17:43:12 INFO  baseClass:45 - user clicks login
2020-04-11 17:43:12 INFO  baseClass:45 - user takes screenshots
2020-04-11 19:30:00 INFO  baseClass:45 - user registered
2020-04-11 19:33:08 INFO  baseClass:45 - user is in booking page
2020-04-11 19:33:19 INFO  baseClass:45 - user enters the booking 
